<?xml version="1.0" encoding="UTF-8"?>
<!-- Generated by org.testng.reporters.JUnitXMLReporter -->
<testsuite ignored="1" hostname="Amits-MacBook-Pro.local" failures="1" tests="2" name="Default test(failed)(failed)" time="0.122" errors="0" timestamp="2022-08-03T09:15:18 IST">
  <testcase classname="Tests.Testngretryfaileddemo" name="test12" time="0.032"/>
  <testcase classname="Tests.Testngretryfaileddemo" name="test3" time="0.012">
    <failure type="java.lang.Error" message="Unresolved compilation problem: 
	The method retry(ITestResult) of type MyRetry must override a superclass method
">
      <![CDATA[java.lang.Error: Unresolved compilation problem: 
The method retry(ITestResult) of type MyRetry must override a superclass method

at Listners.MyRetry.retry(MyRetry.java:12)
at java.base/java.util.ArrayList.forEach(ArrayList.java:1511)
... Removed 23 stack frames]]>
    </failure>
  </testcase> <!-- test3 -->
  <testcase classname="Tests.Testngretryfaileddemo" name="test1" time="0.0">
    <ignored/>
  </testcase> <!-- test1 -->
</testsuite> <!-- Default test(failed)(failed) -->
