<?xml version="1.0" encoding="UTF-8"?>
<testng-results skipped="0" failed="0" ignored="0" total="2" passed="2">
  <reporter-output>
  </reporter-output>
  <suite name="Default suite" duration-ms="11515" started-at="2023-03-04T20:36:57 IST" finished-at="2023-03-04T20:37:08 IST">
    <groups>
    </groups>
    <test name="Default test" duration-ms="11515" started-at="2023-03-04T20:36:57 IST" finished-at="2023-03-04T20:37:08 IST">
      <class name="fabonacci.fabonacciseriesInterviewQ">
        <test-method status="PASS" signature="test1()[pri:0, instance:fabonacci.fabonacciseriesInterviewQ@192d3247]" name="test1" duration-ms="2972" started-at="2023-03-04T20:36:57 IST" finished-at="2023-03-04T20:37:00 IST">
          <reporter-output>
          </reporter-output>
        </test-method> <!-- test1 -->
        <test-method status="PASS" signature="testfabonacci()[pri:0, instance:fabonacci.fabonacciseriesInterviewQ@192d3247]" name="testfabonacci" duration-ms="8470" started-at="2023-03-04T20:37:00 IST" finished-at="2023-03-04T20:37:08 IST">
          <reporter-output>
          </reporter-output>
        </test-method> <!-- testfabonacci -->
      </class> <!-- fabonacci.fabonacciseriesInterviewQ -->
    </test> <!-- Default test -->
  </suite> <!-- Default suite -->
</testng-results>
